2025-09-29 15:17:55,062 - INFO - Webserver erfolgreich gestartet.
2025-09-29 15:20:09,163 - INFO - Versuche, den Server zu stoppen.
2025-09-29 15:20:09,178 - INFO - Server-Prozess erfolgreich beendet.
2025-09-29 15:21:45,622 - INFO - Webserver erfolgreich gestartet.
2025-09-29 15:25:02,946 - INFO - Versuche, den Server zu stoppen.
2025-09-29 15:25:02,953 - INFO - Server-Prozess erfolgreich beendet.
2025-09-29 15:26:28,907 - INFO - Webserver erfolgreich gestartet.
2025-09-29 15:28:12,225 - INFO - Versuche, den Server zu stoppen.
2025-09-29 15:28:12,235 - INFO - Server-Prozess erfolgreich beendet.
2025-09-29 15:31:37,851 - INFO - Webserver erfolgreich gestartet.
2025-09-29 15:32:15,110 - INFO - Server gestoppt.
2025-09-29 15:33:31,410 - INFO - Webserver erfolgreich gestartet.
2025-09-29 15:33:45,631 - INFO - Server gestoppt.
2025-09-29 15:36:01,438 - INFO - Webserver erfolgreich gestartet.
2025-09-29 16:08:29,025 - INFO - Server gestoppt.
2025-09-29 16:08:36,804 - INFO - Webserver erfolgreich gestartet.
2025-09-29 16:12:57,798 - INFO - Server gestoppt.
2025-09-29 16:13:01,938 - INFO - Webserver erfolgreich gestartet.
2025-09-29 16:15:04,138 - INFO - Server gestoppt.
2025-09-29 16:15:07,787 - INFO - Webserver erfolgreich gestartet.
2025-09-29 16:18:35,381 - INFO - Webserver erfolgreich gestartet.
2025-09-29 16:20:02,849 - INFO - Server gestoppt.
2025-09-29 16:20:05,277 - INFO - Webserver erfolgreich gestartet.
2025-09-29 16:23:17,343 - INFO - Server gestoppt.
2025-09-29 16:23:19,760 - INFO - Webserver erfolgreich gestartet.
2025-09-29 16:24:49,085 - INFO - Server gestoppt.
2025-09-29 16:30:10,014 - INFO - Webserver erfolgreich gestartet.
2025-09-29 16:31:50,980 - INFO - Server gestoppt.
2025-09-29 16:31:55,844 - INFO - Webserver erfolgreich gestartet.
2025-09-29 16:35:58,911 - INFO - Webserver erfolgreich gestartet.
2025-09-29 16:39:55,382 - INFO - Server gestoppt.
2025-09-29 16:39:58,013 - INFO - Webserver erfolgreich gestartet.
2025-09-29 16:42:04,651 - INFO - Server gestoppt.
2025-09-29 16:43:18,205 - INFO - Webserver erfolgreich gestartet.
2025-09-29 16:45:50,831 - INFO - Webserver erfolgreich gestartet.
2025-09-29 16:46:48,601 - INFO - Webserver erfolgreich gestartet.
2025-09-29 16:47:37,548 - INFO - Webserver erfolgreich gestartet.
2025-09-29 16:48:32,773 - INFO - Webserver erfolgreich gestartet.
2025-09-29 19:02:20,569 - INFO - Webserver gestartet.
2025-09-29 19:34:18,175 - INFO - Webserver gestartet.
2025-09-29 19:35:31,773 - INFO - Server gestoppt.
2025-09-29 19:36:17,643 - INFO - Webserver gestartet.
2025-09-29 19:39:19,512 - INFO - Webserver gestartet.
2025-09-29 19:49:12,102 - INFO - Server gestoppt.
2025-09-29 19:49:37,536 - INFO - Webserver erfolgreich gestartet.
